Build started 2019-03-31 8:49:28 PM.
     1>Project "D:\Programming\C++ and C\Console\Print_A_Histogram\histogram\histogram\histogram.vcxproj" on node 2 (build target(s)).
     1>InitializeBuildStatus:
         Creating "Debug\histogram.unsuccessfulbuild" because "AlwaysCreate" was specified.
       ClCompile:
         D:\Visual Studio 2010\VC\bin\CL.exe /c /ZI /nologo /W3 /WX- /Od /Oy- /D WIN32 /D _DEBUG /D _CONSOLE /D _UNICODE /D UNICODE /Gm /EHsc /RTC1 /MDd /GS /fp:precise /Zc:wchar_t /Zc:forScope /Fo"Debug\\" /Fd"Debug\vc100.pdb" /Gd /TP /analyze- /errorReport:prompt driver.cpp
         driver.cpp
       ManifestResourceCompile:
         All outputs are up-to-date.
       Link:
         D:\Visual Studio 2010\VC\bin\link.exe /ERRORREPORT:PROMPT /OUT:"D:\Programming\C++ and C\Console\Print_A_Histogram\histogram\Debug\histogram.exe" /INCREMENTAL /NOLOGO kernel32.lib user32.lib gdi32.lib winspool.lib comdlg32.lib advapi32.lib shell32.lib ole32.lib oleaut32.lib uuid.lib odbc32.lib odbccp32.lib /MANIFEST /ManifestFile:"Debug\histogram.exe.intermediate.manifest" /MANIFESTUAC:"level='asInvoker' uiAccess='false'" /DEBUG /PDB:"D:\Programming\C++ and C\Console\Print_A_Histogram\histogram\Debug\histogram.pdb" /SUBSYSTEM:CONSOLE /TLBID:1 /DYNAMICBASE /NXCOMPAT /IMPLIB:"D:\Programming\C++ and C\Console\Print_A_Histogram\histogram\Debug\histogram.lib" /MACHINE:X86 Debug\histogram.exe.embed.manifest.res
         Debug\driver.obj
         Debug\frequency.obj
       Manifest:
         C:\Program Files (x86)\Microsoft SDKs\Windows\v7.0A\bin\mt.exe /nologo /verbose /out:"Debug\histogram.exe.embed.manifest" /manifest Debug\histogram.exe.intermediate.manifest
         All outputs are up-to-date.
       LinkEmbedManifest:
         All outputs are up-to-date.
         histogram.vcxproj -> D:\Programming\C++ and C\Console\Print_A_Histogram\histogram\Debug\histogram.exe
       FinalizeBuildStatus:
         Deleting file "Debug\histogram.unsuccessfulbuild".
         Touching "Debug\histogram.lastbuildstate".
     1>Done Building Project "D:\Programming\C++ and C\Console\Print_A_Histogram\histogram\histogram\histogram.vcxproj" (build target(s)).

Build succeeded.

Time Elapsed 00:00:01.54
