D:\ZAINSOFFICIAL WORKSPACE\ZAINMEDIAS\CPP_PROJECTS\ENCRYPTION\DEBUG\ENCRYPTION.EXE
D:\ZAINSOFFICIAL WORKSPACE\ZAINMEDIAS\CPP_PROJECTS\ENCRYPTION\DEBUG\ENCRYPTION.ILK
D:\ZAINSOFFICIAL WORKSPACE\ZAINMEDIAS\CPP_PROJECTS\ENCRYPTION\DEBUG\ENCRYPTION.PDB
D:\ZainsOfficial Workspace\ZainMedias\CPP_PROJECTS\Encryption\Encryption\Debug\cl.command.1.tlog
D:\ZainsOfficial Workspace\ZainMedias\CPP_PROJECTS\Encryption\Encryption\Debug\CL.read.1.tlog
D:\ZainsOfficial Workspace\ZainMedias\CPP_PROJECTS\Encryption\Encryption\Debug\CL.write.1.tlog
D:\ZAINSOFFICIAL WORKSPACE\ZAINMEDIAS\CPP_PROJECTS\ENCRYPTION\ENCRYPTION\DEBUG\DRIVER.OBJ
D:\ZAINSOFFICIAL WORKSPACE\ZAINMEDIAS\CPP_PROJECTS\ENCRYPTION\ENCRYPTION\DEBUG\ENCRYPTION.EXE.EMBED.MANIFEST
D:\ZAINSOFFICIAL WORKSPACE\ZAINMEDIAS\CPP_PROJECTS\ENCRYPTION\ENCRYPTION\DEBUG\ENCRYPTION.EXE.EMBED.MANIFEST.RES
D:\ZAINSOFFICIAL WORKSPACE\ZAINMEDIAS\CPP_PROJECTS\ENCRYPTION\ENCRYPTION\DEBUG\ENCRYPTION.EXE.INTERMEDIATE.MANIFEST
D:\ZainsOfficial Workspace\ZainMedias\CPP_PROJECTS\Encryption\Encryption\Debug\Encryption.vcxprojResolveAssemblyReference.cache
D:\ZainsOfficial Workspace\ZainMedias\CPP_PROJECTS\Encryption\Encryption\Debug\Encryption.write.1.tlog
D:\ZainsOfficial Workspace\ZainMedias\CPP_PROJECTS\Encryption\Encryption\Debug\Encryption_manifest.rc
D:\ZainsOfficial Workspace\ZainMedias\CPP_PROJECTS\Encryption\Encryption\Debug\link.1524.read.1.tlog
D:\ZainsOfficial Workspace\ZainMedias\CPP_PROJECTS\Encryption\Encryption\Debug\link.1524.write.1.tlog
D:\ZainsOfficial Workspace\ZainMedias\CPP_PROJECTS\Encryption\Encryption\Debug\link.1524-cvtres.read.1.tlog
D:\ZainsOfficial Workspace\ZainMedias\CPP_PROJECTS\Encryption\Encryption\Debug\link.1524-cvtres.write.1.tlog
D:\ZainsOfficial Workspace\ZainMedias\CPP_PROJECTS\Encryption\Encryption\Debug\link.1856.read.1.tlog
D:\ZainsOfficial Workspace\ZainMedias\CPP_PROJECTS\Encryption\Encryption\Debug\link.1856.write.1.tlog
D:\ZainsOfficial Workspace\ZainMedias\CPP_PROJECTS\Encryption\Encryption\Debug\link.1856-cvtres.read.1.tlog
D:\ZainsOfficial Workspace\ZainMedias\CPP_PROJECTS\Encryption\Encryption\Debug\link.1856-cvtres.write.1.tlog
D:\ZainsOfficial Workspace\ZainMedias\CPP_PROJECTS\Encryption\Encryption\Debug\link.2284.read.1.tlog
D:\ZainsOfficial Workspace\ZainMedias\CPP_PROJECTS\Encryption\Encryption\Debug\link.2284.write.1.tlog
D:\ZainsOfficial Workspace\ZainMedias\CPP_PROJECTS\Encryption\Encryption\Debug\link.2284-cvtres.read.1.tlog
D:\ZainsOfficial Workspace\ZainMedias\CPP_PROJECTS\Encryption\Encryption\Debug\link.2284-cvtres.write.1.tlog
D:\ZainsOfficial Workspace\ZainMedias\CPP_PROJECTS\Encryption\Encryption\Debug\link.2928.read.1.tlog
D:\ZainsOfficial Workspace\ZainMedias\CPP_PROJECTS\Encryption\Encryption\Debug\link.2928.write.1.tlog
D:\ZainsOfficial Workspace\ZainMedias\CPP_PROJECTS\Encryption\Encryption\Debug\link.2928-cvtres.read.1.tlog
D:\ZainsOfficial Workspace\ZainMedias\CPP_PROJECTS\Encryption\Encryption\Debug\link.2928-cvtres.write.1.tlog
D:\ZainsOfficial Workspace\ZainMedias\CPP_PROJECTS\Encryption\Encryption\Debug\link.3192.read.1.tlog
D:\ZainsOfficial Workspace\ZainMedias\CPP_PROJECTS\Encryption\Encryption\Debug\link.3192.write.1.tlog
D:\ZainsOfficial Workspace\ZainMedias\CPP_PROJECTS\Encryption\Encryption\Debug\link.3192-cvtres.read.1.tlog
D:\ZainsOfficial Workspace\ZainMedias\CPP_PROJECTS\Encryption\Encryption\Debug\link.3192-cvtres.write.1.tlog
D:\ZainsOfficial Workspace\ZainMedias\CPP_PROJECTS\Encryption\Encryption\Debug\link.5012.read.1.tlog
D:\ZainsOfficial Workspace\ZainMedias\CPP_PROJECTS\Encryption\Encryption\Debug\link.5012.write.1.tlog
D:\ZainsOfficial Workspace\ZainMedias\CPP_PROJECTS\Encryption\Encryption\Debug\link.5012-cvtres.read.1.tlog
D:\ZainsOfficial Workspace\ZainMedias\CPP_PROJECTS\Encryption\Encryption\Debug\link.5012-cvtres.write.1.tlog
D:\ZainsOfficial Workspace\ZainMedias\CPP_PROJECTS\Encryption\Encryption\Debug\link.5192.read.1.tlog
D:\ZainsOfficial Workspace\ZainMedias\CPP_PROJECTS\Encryption\Encryption\Debug\link.5192.write.1.tlog
D:\ZainsOfficial Workspace\ZainMedias\CPP_PROJECTS\Encryption\Encryption\Debug\link.5192-cvtres.read.1.tlog
D:\ZainsOfficial Workspace\ZainMedias\CPP_PROJECTS\Encryption\Encryption\Debug\link.5192-cvtres.write.1.tlog
D:\ZainsOfficial Workspace\ZainMedias\CPP_PROJECTS\Encryption\Encryption\Debug\link.5516.read.1.tlog
D:\ZainsOfficial Workspace\ZainMedias\CPP_PROJECTS\Encryption\Encryption\Debug\link.5516.write.1.tlog
D:\ZainsOfficial Workspace\ZainMedias\CPP_PROJECTS\Encryption\Encryption\Debug\link.5516-cvtres.read.1.tlog
D:\ZainsOfficial Workspace\ZainMedias\CPP_PROJECTS\Encryption\Encryption\Debug\link.5516-cvtres.write.1.tlog
D:\ZainsOfficial Workspace\ZainMedias\CPP_PROJECTS\Encryption\Encryption\Debug\link.6408.read.1.tlog
D:\ZainsOfficial Workspace\ZainMedias\CPP_PROJECTS\Encryption\Encryption\Debug\link.6408.write.1.tlog
D:\ZainsOfficial Workspace\ZainMedias\CPP_PROJECTS\Encryption\Encryption\Debug\link.6408-cvtres.read.1.tlog
D:\ZainsOfficial Workspace\ZainMedias\CPP_PROJECTS\Encryption\Encryption\Debug\link.6408-cvtres.write.1.tlog
D:\ZainsOfficial Workspace\ZainMedias\CPP_PROJECTS\Encryption\Encryption\Debug\link.6720.read.1.tlog
D:\ZainsOfficial Workspace\ZainMedias\CPP_PROJECTS\Encryption\Encryption\Debug\link.6720.write.1.tlog
D:\ZainsOfficial Workspace\ZainMedias\CPP_PROJECTS\Encryption\Encryption\Debug\link.6720-cvtres.read.1.tlog
D:\ZainsOfficial Workspace\ZainMedias\CPP_PROJECTS\Encryption\Encryption\Debug\link.6720-cvtres.write.1.tlog
D:\ZainsOfficial Workspace\ZainMedias\CPP_PROJECTS\Encryption\Encryption\Debug\link.7096.read.1.tlog
D:\ZainsOfficial Workspace\ZainMedias\CPP_PROJECTS\Encryption\Encryption\Debug\link.7096.write.1.tlog
D:\ZainsOfficial Workspace\ZainMedias\CPP_PROJECTS\Encryption\Encryption\Debug\link.7096-cvtres.read.1.tlog
D:\ZainsOfficial Workspace\ZainMedias\CPP_PROJECTS\Encryption\Encryption\Debug\link.7096-cvtres.write.1.tlog
D:\ZainsOfficial Workspace\ZainMedias\CPP_PROJECTS\Encryption\Encryption\Debug\link.7652.read.1.tlog
D:\ZainsOfficial Workspace\ZainMedias\CPP_PROJECTS\Encryption\Encryption\Debug\link.7652.write.1.tlog
D:\ZainsOfficial Workspace\ZainMedias\CPP_PROJECTS\Encryption\Encryption\Debug\link.7652-cvtres.read.1.tlog
D:\ZainsOfficial Workspace\ZainMedias\CPP_PROJECTS\Encryption\Encryption\Debug\link.7652-cvtres.write.1.tlog
D:\ZainsOfficial Workspace\ZainMedias\CPP_PROJECTS\Encryption\Encryption\Debug\link.command.1.tlog
D:\ZainsOfficial Workspace\ZainMedias\CPP_PROJECTS\Encryption\Encryption\Debug\link.read.1.tlog
D:\ZainsOfficial Workspace\ZainMedias\CPP_PROJECTS\Encryption\Encryption\Debug\link.write.1.tlog
D:\ZainsOfficial Workspace\ZainMedias\CPP_PROJECTS\Encryption\Encryption\Debug\link-cvtres.read.1.tlog
D:\ZainsOfficial Workspace\ZainMedias\CPP_PROJECTS\Encryption\Encryption\Debug\link-cvtres.write.1.tlog
D:\ZainsOfficial Workspace\ZainMedias\CPP_PROJECTS\Encryption\Encryption\Debug\mt.command.1.tlog
D:\ZainsOfficial Workspace\ZainMedias\CPP_PROJECTS\Encryption\Encryption\Debug\mt.read.1.tlog
D:\ZainsOfficial Workspace\ZainMedias\CPP_PROJECTS\Encryption\Encryption\Debug\mt.write.1.tlog
D:\ZainsOfficial Workspace\ZainMedias\CPP_PROJECTS\Encryption\Encryption\Debug\rc.command.1.tlog
D:\ZainsOfficial Workspace\ZainMedias\CPP_PROJECTS\Encryption\Encryption\Debug\rc.read.1.tlog
D:\ZainsOfficial Workspace\ZainMedias\CPP_PROJECTS\Encryption\Encryption\Debug\rc.write.1.tlog
D:\ZainsOfficial Workspace\ZainMedias\CPP_PROJECTS\Encryption\Encryption\Debug\vc100.idb
D:\ZAINSOFFICIAL WORKSPACE\ZAINMEDIAS\CPP_PROJECTS\ENCRYPTION\ENCRYPTION\DEBUG\VC100.PDB
