Build started 6/6/2018 1:31:09 PM.
     1>Project "D:\Programming\C++ and C\Console\iMecheUAS_P1\iMecheUAS_P1\iMecheUAS_P1.vcxproj" on node 2 (build target(s)).
     1>InitializeBuildStatus:
         Creating "Debug\iMecheUAS_P1.unsuccessfulbuild" because "AlwaysCreate" was specified.
       ClCompile:
         D:\Visual Studio 2010\VC\bin\CL.exe /c /I"D:\Programming\OpenCV\opencv-239\opencv\build\include" /ZI /nologo /W3 /WX- /Od /Oy- /D WIN32 /D _DEBUG /D _CONSOLE /D _UNICODE /D UNICODE /Gm /EHsc /RTC1 /MDd /GS /fp:precise /Zc:wchar_t /Zc:forScope /Fo"Debug\\" /Fd"Debug\vc100.pdb" /Gd /TP /analyze- /errorReport:prompt driver.cpp
         driver.cpp
     1>d:\programming\c++ and c\console\imecheuas_p1\imecheuas_p1\driver.cpp(28): warning C4244: 'initializing' : conversion from 'double' to 'const int', possible loss of data
     1>d:\programming\c++ and c\console\imecheuas_p1\imecheuas_p1\driver.cpp(86): warning C4018: '<' : signed/unsigned mismatch
     1>d:\programming\c++ and c\console\imecheuas_p1\imecheuas_p1\driver.cpp(156): warning C4244: 'argument' : conversion from 'double' to 'int', possible loss of data
     1>d:\programming\c++ and c\console\imecheuas_p1\imecheuas_p1\driver.cpp(157): warning C4244: 'argument' : conversion from 'double' to 'int', possible loss of data
     1>d:\programming\c++ and c\console\imecheuas_p1\imecheuas_p1\driver.cpp(220): warning C4244: 'argument' : conversion from 'double' to 'int', possible loss of data
     1>d:\programming\c++ and c\console\imecheuas_p1\imecheuas_p1\driver.cpp(221): warning C4244: 'argument' : conversion from 'double' to 'int', possible loss of data
       ManifestResourceCompile:
         All outputs are up-to-date.
       Link:
         D:\Visual Studio 2010\VC\bin\link.exe /ERRORREPORT:PROMPT /OUT:"D:\Programming\C++ and C\Console\iMecheUAS_P1\Debug\iMecheUAS_P1.exe" /INCREMENTAL /NOLOGO /LIBPATH:"D:\Programming\OpenCV\opencv-239\opencv\build\x86\vc10\lib" opencv_calib3d249d.lib opencv_contrib249d.lib opencv_core249d.lib opencv_features2d249d.lib opencv_flann249d.lib opencv_gpu249d.lib opencv_highgui249d.lib opencv_imgproc249d.lib opencv_legacy249d.lib opencv_ml249d.lib opencv_nonfree249d.lib opencv_objdetect249d.lib opencv_ocl249d.lib opencv_photo249d.lib opencv_stitching249d.lib opencv_superres249d.lib opencv_ts249d.lib opencv_video249d.lib opencv_videostab249d.lib kernel32.lib user32.lib gdi32.lib winspool.lib comdlg32.lib advapi32.lib shell32.lib ole32.lib oleaut32.lib uuid.lib odbc32.lib odbccp32.lib /MANIFEST /ManifestFile:"Debug\iMecheUAS_P1.exe.intermediate.manifest" /MANIFESTUAC:"level='asInvoker' uiAccess='false'" /DEBUG /PDB:"D:\Programming\C++ and C\Console\iMecheUAS_P1\Debug\iMecheUAS_P1.pdb" /SUBSYSTEM:CONSOLE /TLBID:1 /DYNAMICBASE /NXCOMPAT /IMPLIB:"D:\Programming\C++ and C\Console\iMecheUAS_P1\Debug\iMecheUAS_P1.lib" /MACHINE:X86 Debug\iMecheUAS_P1.exe.embed.manifest.res
         Debug\driver.obj
         Debug\target.obj
       Manifest:
         C:\Program Files (x86)\Microsoft SDKs\Windows\v7.0A\bin\mt.exe /nologo /verbose /out:"Debug\iMecheUAS_P1.exe.embed.manifest" /manifest Debug\iMecheUAS_P1.exe.intermediate.manifest
         All outputs are up-to-date.
       LinkEmbedManifest:
         All outputs are up-to-date.
         iMecheUAS_P1.vcxproj -> D:\Programming\C++ and C\Console\iMecheUAS_P1\Debug\iMecheUAS_P1.exe
       FinalizeBuildStatus:
         Deleting file "Debug\iMecheUAS_P1.unsuccessfulbuild".
         Touching "Debug\iMecheUAS_P1.lastbuildstate".
     1>Done Building Project "D:\Programming\C++ and C\Console\iMecheUAS_P1\iMecheUAS_P1\iMecheUAS_P1.vcxproj" (build target(s)).

Build succeeded.

Time Elapsed 00:00:14.05
