Build started 9/4/2016 1:25:26 AM.
     1>Project "D:\Braintistic Knowledgebase\ZainMedias\CPP_PROJECTS\Class_Palin\Class_Palin\Class_Palin.vcxproj" on node 2 (build target(s)).
     1>InitializeBuildStatus:
         Creating "Debug\Class_Palin.unsuccessfulbuild" because "AlwaysCreate" was specified.
       ClCompile:
         C:\Program Files (x86)\Microsoft Visual Studio 10.0\VC\bin\CL.exe /c /ZI /nologo /W3 /WX- /Od /Oy- /D WIN32 /D _DEBUG /D _CONSOLE /D _UNICODE /D UNICODE /Gm /EHsc /RTC1 /MDd /GS /fp:precise /Zc:wchar_t /Zc:forScope /Fo"Debug\\" /Fd"Debug\vc100.pdb" /Gd /TP /analyze- /errorReport:prompt driver.cpp
         driver.cpp
       ManifestResourceCompile:
         All outputs are up-to-date.
       Link:
         C:\Program Files (x86)\Microsoft Visual Studio 10.0\VC\bin\link.exe /ERRORREPORT:PROMPT /OUT:"D:\Braintistic Knowledgebase\ZainMedias\CPP_PROJECTS\Class_Palin\Debug\Class_Palin.exe" /INCREMENTAL /NOLOGO kernel32.lib user32.lib gdi32.lib winspool.lib comdlg32.lib advapi32.lib shell32.lib ole32.lib oleaut32.lib uuid.lib odbc32.lib odbccp32.lib /MANIFEST /ManifestFile:"Debug\Class_Palin.exe.intermediate.manifest" /MANIFESTUAC:"level='asInvoker' uiAccess='false'" /DEBUG /PDB:"D:\Braintistic Knowledgebase\ZainMedias\CPP_PROJECTS\Class_Palin\Debug\Class_Palin.pdb" /SUBSYSTEM:CONSOLE /TLBID:1 /DYNAMICBASE /NXCOMPAT /IMPLIB:"D:\Braintistic Knowledgebase\ZainMedias\CPP_PROJECTS\Class_Palin\Debug\Class_Palin.lib" /MACHINE:X86 Debug\Class_Palin.exe.embed.manifest.res
         Debug\driver.obj
       Manifest:
         C:\Program Files (x86)\Microsoft SDKs\Windows\v7.0A\bin\mt.exe /nologo /verbose /out:"Debug\Class_Palin.exe.embed.manifest" /manifest Debug\Class_Palin.exe.intermediate.manifest
         All outputs are up-to-date.
       LinkEmbedManifest:
         All outputs are up-to-date.
         Class_Palin.vcxproj -> D:\Braintistic Knowledgebase\ZainMedias\CPP_PROJECTS\Class_Palin\Debug\Class_Palin.exe
       FinalizeBuildStatus:
         Deleting file "Debug\Class_Palin.unsuccessfulbuild".
         Touching "Debug\Class_Palin.lastbuildstate".
     1>Done Building Project "D:\Braintistic Knowledgebase\ZainMedias\CPP_PROJECTS\Class_Palin\Class_Palin\Class_Palin.vcxproj" (build target(s)).

Build succeeded.

Time Elapsed 00:00:00.84
