Build started 7/6/2017 5:33:09 PM.
     1>Project "D:\Programming\C++ and C\Console\SnakeGame\SnakeGame\SnakeGame.vcxproj" on node 2 (build target(s)).
     1>InitializeBuildStatus:
         Creating "Debug\SnakeGame.unsuccessfulbuild" because "AlwaysCreate" was specified.
       ClCompile:
         D:\Visual Studio 2010\VC\bin\CL.exe /c /ZI /nologo /W3 /WX- /Od /Oy- /D WIN32 /D _DEBUG /D _CONSOLE /D _UNICODE /D UNICODE /Gm /EHsc /RTC1 /MDd /GS /fp:precise /Zc:wchar_t /Zc:forScope /Fo"Debug\\" /Fd"Debug\vc100.pdb" /Gd /TP /analyze- /errorReport:prompt driver.cpp
         driver.cpp
     1>d:\programming\c++ and c\console\snakegame\snakegame\driver.cpp(24): warning C4244: 'argument' : conversion from 'time_t' to 'unsigned int', possible loss of data
     1>d:\programming\c++ and c\console\snakegame\snakegame\driver.cpp(54): warning C4996: 'getch': The POSIX name for this item is deprecated. Instead, use the ISO C++ conformant name: _getch. See online help for details.
                 d:\visual studio 2010\vc\include\conio.h(128) : see declaration of 'getch'
     1>d:\programming\c++ and c\console\snakegame\snakegame\driver.cpp(119): warning C4996: 'getch': The POSIX name for this item is deprecated. Instead, use the ISO C++ conformant name: _getch. See online help for details.
                 d:\visual studio 2010\vc\include\conio.h(128) : see declaration of 'getch'
       ManifestResourceCompile:
         All outputs are up-to-date.
       Link:
         D:\Visual Studio 2010\VC\bin\link.exe /ERRORREPORT:PROMPT /OUT:"D:\Programming\C++ and C\Console\SnakeGame\Debug\SnakeGame.exe" /INCREMENTAL /NOLOGO kernel32.lib user32.lib gdi32.lib winspool.lib comdlg32.lib advapi32.lib shell32.lib ole32.lib oleaut32.lib uuid.lib odbc32.lib odbccp32.lib /MANIFEST /ManifestFile:"Debug\SnakeGame.exe.intermediate.manifest" /MANIFESTUAC:"level='asInvoker' uiAccess='false'" /DEBUG /PDB:"D:\Programming\C++ and C\Console\SnakeGame\Debug\SnakeGame.pdb" /SUBSYSTEM:CONSOLE /TLBID:1 /DYNAMICBASE /NXCOMPAT /IMPLIB:"D:\Programming\C++ and C\Console\SnakeGame\Debug\SnakeGame.lib" /MACHINE:X86 Debug\SnakeGame.exe.embed.manifest.res
         Debug\driver.obj
       Manifest:
         C:\Program Files (x86)\Microsoft SDKs\Windows\v7.0A\bin\mt.exe /nologo /verbose /out:"Debug\SnakeGame.exe.embed.manifest" /manifest Debug\SnakeGame.exe.intermediate.manifest
         All outputs are up-to-date.
       LinkEmbedManifest:
         All outputs are up-to-date.
         SnakeGame.vcxproj -> D:\Programming\C++ and C\Console\SnakeGame\Debug\SnakeGame.exe
       FinalizeBuildStatus:
         Deleting file "Debug\SnakeGame.unsuccessfulbuild".
         Touching "Debug\SnakeGame.lastbuildstate".
     1>Done Building Project "D:\Programming\C++ and C\Console\SnakeGame\SnakeGame\SnakeGame.vcxproj" (build target(s)).

Build succeeded.

Time Elapsed 00:00:02.14
