Build started 8/19/2017 2:18:27 AM.
     1>Project "D:\Programming\C++ and C\Console\Image2ArduinoServo\Image2ArduinoServo\Image2ArduinoServo.vcxproj" on node 2 (build target(s)).
     1>InitializeBuildStatus:
         Creating "Debug\Image2ArduinoServo.unsuccessfulbuild" because "AlwaysCreate" was specified.
       ClCompile:
         D:\Visual Studio 2010\VC\bin\CL.exe /c /I"D:\Programming\OpenCV\opencv-239\opencv\build\include" /ZI /nologo /W3 /WX- /Od /Oy- /D WIN32 /D _DEBUG /D _CONSOLE /D _UNICODE /D UNICODE /Gm /EHsc /RTC1 /MDd /GS /fp:precise /Zc:wchar_t /Zc:forScope /Fo"Debug\\" /Fd"Debug\vc100.pdb" /Gd /TP /analyze- /errorReport:prompt main.cpp
         main.cpp
     1>d:\programming\opencv\opencv-239\opencv\build\include\opencv2\flann\logger.h(66): warning C4996: 'fopen': This function or variable may be unsafe. Consider using fopen_s instead. To disable deprecation, use _CRT_SECURE_NO_WARNINGS. See online help for details.
                 d:\visual studio 2010\vc\include\stdio.h(234) : see declaration of 'fopen'
       ManifestResourceCompile:
         All outputs are up-to-date.
       Link:
         D:\Visual Studio 2010\VC\bin\link.exe /ERRORREPORT:PROMPT /OUT:"D:\Programming\C++ and C\Console\Image2ArduinoServo\Debug\Image2ArduinoServo.exe" /INCREMENTAL /NOLOGO /LIBPATH:"D:\Programming\OpenCV\opencv-239\opencv\build\x86\vc10\lib" opencv_calib3d249d.lib opencv_contrib249d.lib opencv_core249d.lib opencv_features2d249d.lib opencv_flann249d.lib opencv_gpu249d.lib opencv_highgui249d.lib opencv_imgproc249d.lib opencv_legacy249d.lib opencv_ml249d.lib opencv_nonfree249d.lib opencv_objdetect249d.lib opencv_ocl249d.lib opencv_photo249d.lib opencv_stitching249d.lib opencv_superres249d.lib opencv_ts249d.lib opencv_video249d.lib opencv_videostab249d.lib kernel32.lib user32.lib gdi32.lib winspool.lib comdlg32.lib advapi32.lib shell32.lib ole32.lib oleaut32.lib uuid.lib odbc32.lib odbccp32.lib /MANIFEST /ManifestFile:"Debug\Image2ArduinoServo.exe.intermediate.manifest" /MANIFESTUAC:"level='asInvoker' uiAccess='false'" /DEBUG /PDB:"D:\Programming\C++ and C\Console\Image2ArduinoServo\Debug\Image2ArduinoServo.pdb" /SUBSYSTEM:CONSOLE /TLBID:1 /DYNAMICBASE /NXCOMPAT /IMPLIB:"D:\Programming\C++ and C\Console\Image2ArduinoServo\Debug\Image2ArduinoServo.lib" /MACHINE:X86 Debug\Image2ArduinoServo.exe.embed.manifest.res
         Debug\main.obj
       Manifest:
         C:\Program Files (x86)\Microsoft SDKs\Windows\v7.0A\bin\mt.exe /nologo /verbose /out:"Debug\Image2ArduinoServo.exe.embed.manifest" /manifest Debug\Image2ArduinoServo.exe.intermediate.manifest
         All outputs are up-to-date.
       LinkEmbedManifest:
         All outputs are up-to-date.
         Image2ArduinoServo.vcxproj -> D:\Programming\C++ and C\Console\Image2ArduinoServo\Debug\Image2ArduinoServo.exe
       FinalizeBuildStatus:
         Deleting file "Debug\Image2ArduinoServo.unsuccessfulbuild".
         Touching "Debug\Image2ArduinoServo.lastbuildstate".
     1>Done Building Project "D:\Programming\C++ and C\Console\Image2ArduinoServo\Image2ArduinoServo\Image2ArduinoServo.vcxproj" (build target(s)).

Build succeeded.

Time Elapsed 00:00:02.90
