Build started 10/1/2018 6:28:46 PM.
     1>Project "D:\Programming\C++ and C\Console\tut3\tut3\tut3.vcxproj" on node 2 (build target(s)).
     1>InitializeBuildStatus:
         Creating "Debug\tut3.unsuccessfulbuild" because "AlwaysCreate" was specified.
       ClCompile:
         D:\Visual Studio 2010\VC\bin\CL.exe /c /ZI /nologo /W3 /WX- /Od /Oy- /D WIN32 /D _DEBUG /D _CONSOLE /D _UNICODE /D UNICODE /Gm /EHsc /RTC1 /MDd /GS /fp:precise /Zc:wchar_t /Zc:forScope /Fo"Debug\\" /Fd"Debug\vc100.pdb" /Gd /TP /analyze- /errorReport:prompt main.cpp
         main.cpp
       ManifestResourceCompile:
         All outputs are up-to-date.
       Link:
         D:\Visual Studio 2010\VC\bin\link.exe /ERRORREPORT:PROMPT /OUT:"D:\Programming\C++ and C\Console\tut3\Debug\tut3.exe" /INCREMENTAL /NOLOGO kernel32.lib user32.lib gdi32.lib winspool.lib comdlg32.lib advapi32.lib shell32.lib ole32.lib oleaut32.lib uuid.lib odbc32.lib odbccp32.lib /MANIFEST /ManifestFile:"Debug\tut3.exe.intermediate.manifest" /MANIFESTUAC:"level='asInvoker' uiAccess='false'" /DEBUG /PDB:"D:\Programming\C++ and C\Console\tut3\Debug\tut3.pdb" /SUBSYSTEM:CONSOLE /TLBID:1 /DYNAMICBASE /NXCOMPAT /IMPLIB:"D:\Programming\C++ and C\Console\tut3\Debug\tut3.lib" /MACHINE:X86 Debug\tut3.exe.embed.manifest.res
         Debug\main.obj
       Manifest:
         C:\Program Files (x86)\Microsoft SDKs\Windows\v7.0A\bin\mt.exe /nologo /verbose /out:"Debug\tut3.exe.embed.manifest" /manifest Debug\tut3.exe.intermediate.manifest
         All outputs are up-to-date.
       LinkEmbedManifest:
         All outputs are up-to-date.
         tut3.vcxproj -> D:\Programming\C++ and C\Console\tut3\Debug\tut3.exe
       FinalizeBuildStatus:
         Deleting file "Debug\tut3.unsuccessfulbuild".
         Touching "Debug\tut3.lastbuildstate".
     1>Done Building Project "D:\Programming\C++ and C\Console\tut3\tut3\tut3.vcxproj" (build target(s)).

Build succeeded.

Time Elapsed 00:00:01.73
