Build started 5/27/2016 3:31:30 AM.
     1>Project "D:\ZainsOfficial Workspace\ZainMedias\CPP_PROJECTS\XOR\XOR\XOR.vcxproj" on node 2 (build target(s)).
     1>InitializeBuildStatus:
         Creating "Debug\XOR.unsuccessfulbuild" because "AlwaysCreate" was specified.
       ClCompile:
         C:\Program Files (x86)\Microsoft Visual Studio 10.0\VC\bin\CL.exe /c /ZI /nologo /W3 /WX- /Od /Oy- /D WIN32 /D _DEBUG /D _CONSOLE /D _UNICODE /D UNICODE /Gm /EHsc /RTC1 /MDd /GS /fp:precise /Zc:wchar_t /Zc:forScope /Fo"Debug\\" /Fd"Debug\vc100.pdb" /Gd /TP /analyze- /errorReport:prompt driver.cpp
         driver.cpp
       ManifestResourceCompile:
         All outputs are up-to-date.
       Link:
         C:\Program Files (x86)\Microsoft Visual Studio 10.0\VC\bin\link.exe /ERRORREPORT:PROMPT /OUT:"D:\ZainsOfficial Workspace\ZainMedias\CPP_PROJECTS\XOR\Debug\XOR.exe" /INCREMENTAL /NOLOGO kernel32.lib user32.lib gdi32.lib winspool.lib comdlg32.lib advapi32.lib shell32.lib ole32.lib oleaut32.lib uuid.lib odbc32.lib odbccp32.lib /MANIFEST /ManifestFile:"Debug\XOR.exe.intermediate.manifest" /MANIFESTUAC:"level='asInvoker' uiAccess='false'" /DEBUG /PDB:"D:\ZainsOfficial Workspace\ZainMedias\CPP_PROJECTS\XOR\Debug\XOR.pdb" /SUBSYSTEM:CONSOLE /TLBID:1 /DYNAMICBASE /NXCOMPAT /IMPLIB:"D:\ZainsOfficial Workspace\ZainMedias\CPP_PROJECTS\XOR\Debug\XOR.lib" /MACHINE:X86 Debug\XOR.exe.embed.manifest.res
         Debug\driver.obj
       Manifest:
         C:\Program Files (x86)\Microsoft SDKs\Windows\v7.0A\bin\mt.exe /nologo /verbose /out:"Debug\XOR.exe.embed.manifest" /manifest Debug\XOR.exe.intermediate.manifest
         All outputs are up-to-date.
       LinkEmbedManifest:
         All outputs are up-to-date.
         XOR.vcxproj -> D:\ZainsOfficial Workspace\ZainMedias\CPP_PROJECTS\XOR\Debug\XOR.exe
       FinalizeBuildStatus:
         Deleting file "Debug\XOR.unsuccessfulbuild".
         Touching "Debug\XOR.lastbuildstate".
     1>Done Building Project "D:\ZainsOfficial Workspace\ZainMedias\CPP_PROJECTS\XOR\XOR\XOR.vcxproj" (build target(s)).

Build succeeded.

Time Elapsed 00:00:00.91
