Build started 7/27/2016 11:55:13 AM.
     1>Project "c:\Users\Zain\documents\visual studio 2010\Projects\VectorsAsParam\VectorsAsParam\VectorsAsParam.vcxproj" on node 2 (build target(s)).
     1>InitializeBuildStatus:
         Creating "Debug\VectorsAsParam.unsuccessfulbuild" because "AlwaysCreate" was specified.
       ClCompile:
         C:\Program Files (x86)\Microsoft Visual Studio 10.0\VC\bin\CL.exe /c /ZI /nologo /W3 /WX- /Od /Oy- /D WIN32 /D _DEBUG /D _CONSOLE /D _UNICODE /D UNICODE /Gm /EHsc /RTC1 /MDd /GS /fp:precise /Zc:wchar_t /Zc:forScope /Fo"Debug\\" /Fd"Debug\vc100.pdb" /Gd /TP /analyze- /errorReport:prompt driver.cpp
         driver.cpp
       ManifestResourceCompile:
         All outputs are up-to-date.
       Link:
         C:\Program Files (x86)\Microsoft Visual Studio 10.0\VC\bin\link.exe /ERRORREPORT:PROMPT /OUT:"c:\users\zain\documents\visual studio 2010\Projects\VectorsAsParam\Debug\VectorsAsParam.exe" /INCREMENTAL /NOLOGO kernel32.lib user32.lib gdi32.lib winspool.lib comdlg32.lib advapi32.lib shell32.lib ole32.lib oleaut32.lib uuid.lib odbc32.lib odbccp32.lib /MANIFEST /ManifestFile:"Debug\VectorsAsParam.exe.intermediate.manifest" /MANIFESTUAC:"level='asInvoker' uiAccess='false'" /DEBUG /PDB:"c:\users\zain\documents\visual studio 2010\Projects\VectorsAsParam\Debug\VectorsAsParam.pdb" /SUBSYSTEM:CONSOLE /TLBID:1 /DYNAMICBASE /NXCOMPAT /IMPLIB:"c:\users\zain\documents\visual studio 2010\Projects\VectorsAsParam\Debug\VectorsAsParam.lib" /MACHINE:X86 Debug\VectorsAsParam.exe.embed.manifest.res
         Debug\driver.obj
       Manifest:
         C:\Program Files (x86)\Microsoft SDKs\Windows\v7.0A\bin\mt.exe /nologo /verbose /out:"Debug\VectorsAsParam.exe.embed.manifest" /manifest Debug\VectorsAsParam.exe.intermediate.manifest
         All outputs are up-to-date.
       LinkEmbedManifest:
         All outputs are up-to-date.
         VectorsAsParam.vcxproj -> c:\users\zain\documents\visual studio 2010\Projects\VectorsAsParam\Debug\VectorsAsParam.exe
       FinalizeBuildStatus:
         Deleting file "Debug\VectorsAsParam.unsuccessfulbuild".
         Touching "Debug\VectorsAsParam.lastbuildstate".
     1>Done Building Project "c:\Users\Zain\documents\visual studio 2010\Projects\VectorsAsParam\VectorsAsParam\VectorsAsParam.vcxproj" (build target(s)).

Build succeeded.

Time Elapsed 00:00:00.90
