Build started 7/27/2016 12:11:22 PM.
     1>Project "D:\ZainsOfficial Workspace\ZainMedias\CPP_PROJECTS\Vectors\Vectors\Vectors.vcxproj" on node 2 (build target(s)).
     1>PrepareForBuild:
         Creating directory "D:\ZainsOfficial Workspace\ZainMedias\CPP_PROJECTS\Vectors\Debug\".
       InitializeBuildStatus:
         Creating "Debug\Vectors.unsuccessfulbuild" because "AlwaysCreate" was specified.
       ClCompile:
         C:\Program Files (x86)\Microsoft Visual Studio 10.0\VC\bin\CL.exe /c /ZI /nologo /W3 /WX- /Od /Oy- /D WIN32 /D _DEBUG /D _CONSOLE /D _UNICODE /D UNICODE /Gm /EHsc /RTC1 /MDd /GS /fp:precise /Zc:wchar_t /Zc:forScope /Fo"Debug\\" /Fd"Debug\vc100.pdb" /Gd /TP /analyze- /errorReport:prompt driver.cpp
         driver.cpp
       ManifestResourceCompile:
         C:\Program Files (x86)\Microsoft SDKs\Windows\v7.0A\bin\rc.exe /nologo /fo"Debug\Vectors.exe.embed.manifest.res" Debug\Vectors_manifest.rc 
       Link:
         C:\Program Files (x86)\Microsoft Visual Studio 10.0\VC\bin\link.exe /ERRORREPORT:PROMPT /OUT:"D:\ZainsOfficial Workspace\ZainMedias\CPP_PROJECTS\Vectors\Debug\Vectors.exe" /INCREMENTAL /NOLOGO kernel32.lib user32.lib gdi32.lib winspool.lib comdlg32.lib advapi32.lib shell32.lib ole32.lib oleaut32.lib uuid.lib odbc32.lib odbccp32.lib /MANIFEST /ManifestFile:"Debug\Vectors.exe.intermediate.manifest" /MANIFESTUAC:"level='asInvoker' uiAccess='false'" /DEBUG /PDB:"D:\ZainsOfficial Workspace\ZainMedias\CPP_PROJECTS\Vectors\Debug\Vectors.pdb" /SUBSYSTEM:CONSOLE /TLBID:1 /DYNAMICBASE /NXCOMPAT /IMPLIB:"D:\ZainsOfficial Workspace\ZainMedias\CPP_PROJECTS\Vectors\Debug\Vectors.lib" /MACHINE:X86 Debug\Vectors.exe.embed.manifest.res
         Debug\driver.obj
       Manifest:
         C:\Program Files (x86)\Microsoft SDKs\Windows\v7.0A\bin\mt.exe /nologo /verbose /out:"Debug\Vectors.exe.embed.manifest" /manifest Debug\Vectors.exe.intermediate.manifest
         C:\Program Files (x86)\Microsoft SDKs\Windows\v7.0A\bin\rc.exe /nologo /fo"Debug\Vectors.exe.embed.manifest.res" Debug\Vectors_manifest.rc 
       LinkEmbedManifest:
         C:\Program Files (x86)\Microsoft Visual Studio 10.0\VC\bin\link.exe /ERRORREPORT:PROMPT /OUT:"D:\ZainsOfficial Workspace\ZainMedias\CPP_PROJECTS\Vectors\Debug\Vectors.exe" /INCREMENTAL /NOLOGO kernel32.lib user32.lib gdi32.lib winspool.lib comdlg32.lib advapi32.lib shell32.lib ole32.lib oleaut32.lib uuid.lib odbc32.lib odbccp32.lib /MANIFEST /ManifestFile:"Debug\Vectors.exe.intermediate.manifest" /MANIFESTUAC:"level='asInvoker' uiAccess='false'" /DEBUG /PDB:"D:\ZainsOfficial Workspace\ZainMedias\CPP_PROJECTS\Vectors\Debug\Vectors.pdb" /SUBSYSTEM:CONSOLE /TLBID:1 /DYNAMICBASE /NXCOMPAT /IMPLIB:"D:\ZainsOfficial Workspace\ZainMedias\CPP_PROJECTS\Vectors\Debug\Vectors.lib" /MACHINE:X86 Debug\Vectors.exe.embed.manifest.res
         Debug\driver.obj
         Vectors.vcxproj -> D:\ZainsOfficial Workspace\ZainMedias\CPP_PROJECTS\Vectors\Debug\Vectors.exe
       FinalizeBuildStatus:
         Deleting file "Debug\Vectors.unsuccessfulbuild".
         Touching "Debug\Vectors.lastbuildstate".
     1>Done Building Project "D:\ZainsOfficial Workspace\ZainMedias\CPP_PROJECTS\Vectors\Vectors\Vectors.vcxproj" (build target(s)).

Build succeeded.

Time Elapsed 00:00:02.55
