Build started 5/10/2018 6:35:50 PM.
     1>Project "D:\Programming\C++ and C\Console\objectTracking_webcam\objectTracking_webcam\objectTracking_webcam.vcxproj" on node 2 (build target(s)).
     1>InitializeBuildStatus:
         Creating "Debug\objectTracking_webcam.unsuccessfulbuild" because "AlwaysCreate" was specified.
       ClCompile:
         D:\Visual Studio 2010\VC\bin\CL.exe /c /I"D:\Programming\OpenCV\opencv-239\opencv\build\include\opencv2" /I"D:\Programming\OpenCV\opencv-239\opencv\build\include" /I"D:\Programming\OpenCV\opencv-239\opencv\build\include\opencv" /ZI /nologo /W3 /WX- /Od /Oy- /D WIN32 /D _DEBUG /D _CONSOLE /D _UNICODE /D UNICODE /Gm /EHsc /RTC1 /MDd /GS /fp:precise /Zc:wchar_t /Zc:forScope /Fo"Debug\\" /Fd"Debug\vc100.pdb" /Gd /TP /analyze- /errorReport:prompt main.cpp
         main.cpp
       ManifestResourceCompile:
         All outputs are up-to-date.
       Link:
         D:\Visual Studio 2010\VC\bin\link.exe /ERRORREPORT:PROMPT /OUT:"D:\Programming\C++ and C\Console\objectTracking_webcam\Debug\objectTracking_webcam.exe" /INCREMENTAL /NOLOGO /LIBPATH:"D:\Programming\OpenCV\opencv-239\opencv\build\x86\vc10\lib" opencv_calib3d249d.lib opencv_contrib249d.lib opencv_core249d.lib opencv_features2d249d.lib opencv_flann249d.lib opencv_gpu249d.lib opencv_highgui249d.lib opencv_imgproc249d.lib opencv_legacy249d.lib opencv_ml249d.lib opencv_nonfree249d.lib opencv_objdetect249d.lib opencv_ocl249d.lib opencv_photo249d.lib opencv_stitching249d.lib opencv_superres249d.lib opencv_ts249d.lib opencv_video249d.lib opencv_videostab249d.lib kernel32.lib user32.lib gdi32.lib winspool.lib comdlg32.lib advapi32.lib shell32.lib ole32.lib oleaut32.lib uuid.lib odbc32.lib odbccp32.lib /MANIFEST /ManifestFile:"Debug\objectTracking_webcam.exe.intermediate.manifest" /MANIFESTUAC:"level='asInvoker' uiAccess='false'" /DEBUG /PDB:"D:\Programming\C++ and C\Console\objectTracking_webcam\Debug\objectTracking_webcam.pdb" /SUBSYSTEM:CONSOLE /TLBID:1 /DYNAMICBASE /NXCOMPAT /IMPLIB:"D:\Programming\C++ and C\Console\objectTracking_webcam\Debug\objectTracking_webcam.lib" /MACHINE:X86 Debug\objectTracking_webcam.exe.embed.manifest.res
         Debug\main.obj
       Manifest:
         C:\Program Files (x86)\Microsoft SDKs\Windows\v7.0A\bin\mt.exe /nologo /verbose /out:"Debug\objectTracking_webcam.exe.embed.manifest" /manifest Debug\objectTracking_webcam.exe.intermediate.manifest
         All outputs are up-to-date.
       LinkEmbedManifest:
         All outputs are up-to-date.
         objectTracking_webcam.vcxproj -> D:\Programming\C++ and C\Console\objectTracking_webcam\Debug\objectTracking_webcam.exe
       FinalizeBuildStatus:
         Deleting file "Debug\objectTracking_webcam.unsuccessfulbuild".
         Touching "Debug\objectTracking_webcam.lastbuildstate".
     1>Done Building Project "D:\Programming\C++ and C\Console\objectTracking_webcam\objectTracking_webcam\objectTracking_webcam.vcxproj" (build target(s)).

Build succeeded.

Time Elapsed 00:00:15.47
